::1 - - [15/Oct/2020:07:33:17 +0000] "GET /reports/mail HTTP/1.1" 304 -
::1 - - [15/Oct/2020:07:33:17 +0000] "GET /stylesheets/mail.css HTTP/1.1" 304 -
::1 - - [15/Oct/2020:07:33:17 +0000] "GET /javascripts/Menu/menu.js HTTP/1.1" 304 -
::1 - - [15/Oct/2020:07:33:17 +0000] "GET /javascripts//Reports/Mail/controller.js HTTP/1.1" 304 -
::1 - - [15/Oct/2020:07:33:17 +0000] "GET /javascripts/datalabel_plugin.js HTTP/1.1" 304 -
::1 - - [15/Oct/2020:07:33:17 +0000] "GET /images/logo.png HTTP/1.1" 304 -
::1 - - [15/Oct/2020:07:33:17 +0000] "GET /images/logout.png HTTP/1.1" 304 -
::1 - - [15/Oct/2020:07:33:17 +0000] "GET /javascripts/Users/users.js HTTP/1.1" 304 -
::1 - - [15/Oct/2020:07:33:17 +0000] "GET /javascripts/helpers/fetch/appSettings.js HTTP/1.1" 304 -
::1 - - [15/Oct/2020:07:33:17 +0000] "GET /javascripts/Machines/lockedMachines.js HTTP/1.1" 304 -
::1 - - [15/Oct/2020:07:33:17 +0000] "GET /javascripts/Settings/settings.js HTTP/1.1" 304 -
::1 - - [15/Oct/2020:07:33:17 +0000] "GET /javascripts/Movebelt/movebelt.js HTTP/1.1" 304 -
::1 - - [15/Oct/2020:07:33:17 +0000] "GET /javascripts/helpers/messages.js HTTP/1.1" 304 -
::1 - - [15/Oct/2020:07:33:17 +0000] "GET /javascripts//Reports/Mail/settings.js HTTP/1.1" 304 -
::1 - - [15/Oct/2020:07:33:18 +0000] "GET /javascripts/helpers/fetch/user.js HTTP/1.1" 304 -
::1 - - [15/Oct/2020:07:33:18 +0000] "GET /javascripts/helpers/fetch/machines.js HTTP/1.1" 304 -
::1 - - [15/Oct/2020:07:33:18 +0000] "GET /javascripts/helpers/auxiliaryFunctions.js HTTP/1.1" 304 -
::1 - - [15/Oct/2020:07:33:18 +0000] "GET /javascripts//helpers/fetch/reports.js HTTP/1.1" 304 -
::1 - - [15/Oct/2020:07:33:18 +0000] "POST /api/menu HTTP/1.1" 200 310
::1 - - [15/Oct/2020:07:33:18 +0000] "GET /reports/mail/users HTTP/1.1" 304 -
::1 - - [15/Oct/2020:07:33:18 +0000] "GET /images/favicon.ico HTTP/1.1" 200 1150
