::1 - - [15/Oct/2020:07:38:49 +0000] "GET /reports/mail HTTP/1.1" 304 -
::1 - - [15/Oct/2020:07:38:49 +0000] "GET /stylesheets/mail.css HTTP/1.1" 304 -
::1 - - [15/Oct/2020:07:38:49 +0000] "GET /javascripts/Menu/menu.js HTTP/1.1" 304 -
::1 - - [15/Oct/2020:07:38:49 +0000] "GET /javascripts//Reports/Mail/controller.js HTTP/1.1" 304 -
::1 - - [15/Oct/2020:07:38:49 +0000] "GET /javascripts/datalabel_plugin.js HTTP/1.1" 304 -
::1 - - [15/Oct/2020:07:38:49 +0000] "GET /images/logo.png HTTP/1.1" 304 -
::1 - - [15/Oct/2020:07:38:49 +0000] "GET /images/logout.png HTTP/1.1" 304 -
::1 - - [15/Oct/2020:07:38:49 +0000] "GET /javascripts/helpers/fetch/appSettings.js HTTP/1.1" 304 -
::1 - - [15/Oct/2020:07:38:49 +0000] "GET /javascripts/Users/users.js HTTP/1.1" 304 -
::1 - - [15/Oct/2020:07:38:49 +0000] "GET /javascripts/Machines/lockedMachines.js HTTP/1.1" 304 -
::1 - - [15/Oct/2020:07:38:49 +0000] "GET /javascripts/Movebelt/movebelt.js HTTP/1.1" 304 -
::1 - - [15/Oct/2020:07:38:49 +0000] "GET /javascripts/Settings/settings.js HTTP/1.1" 304 -
::1 - - [15/Oct/2020:07:38:49 +0000] "GET /javascripts/helpers/messages.js HTTP/1.1" 304 -
::1 - - [15/Oct/2020:07:38:49 +0000] "GET /javascripts//Reports/Mail/settings.js HTTP/1.1" 304 -
::1 - - [15/Oct/2020:07:38:49 +0000] "GET /javascripts/helpers/fetch/user.js HTTP/1.1" 304 -
::1 - - [15/Oct/2020:07:38:49 +0000] "GET /javascripts/helpers/fetch/machines.js HTTP/1.1" 304 -
::1 - - [15/Oct/2020:07:38:49 +0000] "GET /javascripts/helpers/auxiliaryFunctions.js HTTP/1.1" 304 -
::1 - - [15/Oct/2020:07:38:50 +0000] "POST /api/menu HTTP/1.1" 200 310
::1 - - [15/Oct/2020:07:38:50 +0000] "GET /javascripts//helpers/fetch/reports.js HTTP/1.1" 304 -
::1 - - [15/Oct/2020:07:38:50 +0000] "GET /reports/mail/users HTTP/1.1" 304 -
::1 - - [15/Oct/2020:07:38:50 +0000] "GET /images/favicon.ico HTTP/1.1" 200 1150
::1 - - [15/Oct/2020:07:39:43 +0000] "GET /reports/mail HTTP/1.1" 304 - "http://localhost:3001/stats/all" "Mozilla/5.0 (Windows NT 10.0; Win64; x64) AppleWebKit/537.36 (KHTML, like Gecko) Chrome/86.0.4240.75 Safari/537.36"
::1 - - [15/Oct/2020:07:39:43 +0000] "GET /stylesheets/mail.css HTTP/1.1" 304 - "http://localhost:3001/reports/mail" "Mozilla/5.0 (Windows NT 10.0; Win64; x64) AppleWebKit/537.36 (KHTML, like Gecko) Chrome/86.0.4240.75 Safari/537.36"
::1 - - [15/Oct/2020:07:39:43 +0000] "GET /javascripts/Menu/menu.js HTTP/1.1" 304 - "http://localhost:3001/reports/mail" "Mozilla/5.0 (Windows NT 10.0; Win64; x64) AppleWebKit/537.36 (KHTML, like Gecko) Chrome/86.0.4240.75 Safari/537.36"
::1 - - [15/Oct/2020:07:39:43 +0000] "GET /javascripts//Reports/Mail/controller.js HTTP/1.1" 304 - "http://localhost:3001/reports/mail" "Mozilla/5.0 (Windows NT 10.0; Win64; x64) AppleWebKit/537.36 (KHTML, like Gecko) Chrome/86.0.4240.75 Safari/537.36"
::1 - - [15/Oct/2020:07:39:43 +0000] "GET /javascripts/datalabel_plugin.js HTTP/1.1" 304 - "http://localhost:3001/reports/mail" "Mozilla/5.0 (Windows NT 10.0; Win64; x64) AppleWebKit/537.36 (KHTML, like Gecko) Chrome/86.0.4240.75 Safari/537.36"
::1 - - [15/Oct/2020:07:39:43 +0000] "GET /images/logo.png HTTP/1.1" 304 - "http://localhost:3001/reports/mail" "Mozilla/5.0 (Windows NT 10.0; Win64; x64) AppleWebKit/537.36 (KHTML, like Gecko) Chrome/86.0.4240.75 Safari/537.36"
::1 - - [15/Oct/2020:07:39:43 +0000] "GET /images/logout.png HTTP/1.1" 304 - "http://localhost:3001/reports/mail" "Mozilla/5.0 (Windows NT 10.0; Win64; x64) AppleWebKit/537.36 (KHTML, like Gecko) Chrome/86.0.4240.75 Safari/537.36"
::1 - - [15/Oct/2020:07:39:43 +0000] "GET /javascripts/helpers/fetch/appSettings.js HTTP/1.1" 304 - "http://localhost:3001/javascripts/Menu/menu.js" "Mozilla/5.0 (Windows NT 10.0; Win64; x64) AppleWebKit/537.36 (KHTML, like Gecko) Chrome/86.0.4240.75 Safari/537.36"
::1 - - [15/Oct/2020:07:39:43 +0000] "GET /javascripts/Users/users.js HTTP/1.1" 304 - "http://localhost:3001/javascripts/Menu/menu.js" "Mozilla/5.0 (Windows NT 10.0; Win64; x64) AppleWebKit/537.36 (KHTML, like Gecko) Chrome/86.0.4240.75 Safari/537.36"
::1 - - [15/Oct/2020:07:39:43 +0000] "GET /javascripts/Machines/lockedMachines.js HTTP/1.1" 304 - "http://localhost:3001/javascripts/Menu/menu.js" "Mozilla/5.0 (Windows NT 10.0; Win64; x64) AppleWebKit/537.36 (KHTML, like Gecko) Chrome/86.0.4240.75 Safari/537.36"
::1 - - [15/Oct/2020:07:39:43 +0000] "GET /javascripts/Movebelt/movebelt.js HTTP/1.1" 304 - "http://localhost:3001/javascripts/Menu/menu.js" "Mozilla/5.0 (Windows NT 10.0; Win64; x64) AppleWebKit/537.36 (KHTML, like Gecko) Chrome/86.0.4240.75 Safari/537.36"
::1 - - [15/Oct/2020:07:39:43 +0000] "GET /javascripts/Settings/settings.js HTTP/1.1" 304 - "http://localhost:3001/javascripts/Menu/menu.js" "Mozilla/5.0 (Windows NT 10.0; Win64; x64) AppleWebKit/537.36 (KHTML, like Gecko) Chrome/86.0.4240.75 Safari/537.36"
::1 - - [15/Oct/2020:07:39:43 +0000] "GET /javascripts/helpers/messages.js HTTP/1.1" 304 - "http://localhost:3001/javascripts/Menu/menu.js" "Mozilla/5.0 (Windows NT 10.0; Win64; x64) AppleWebKit/537.36 (KHTML, like Gecko) Chrome/86.0.4240.75 Safari/537.36"
::1 - - [15/Oct/2020:07:39:43 +0000] "GET /javascripts//Reports/Mail/settings.js HTTP/1.1" 304 - "http://localhost:3001/javascripts//Reports/Mail/controller.js" "Mozilla/5.0 (Windows NT 10.0; Win64; x64) AppleWebKit/537.36 (KHTML, like Gecko) Chrome/86.0.4240.75 Safari/537.36"
::1 - - [15/Oct/2020:07:39:43 +0000] "GET /javascripts/helpers/fetch/user.js HTTP/1.1" 304 - "http://localhost:3001/javascripts/Users/users.js" "Mozilla/5.0 (Windows NT 10.0; Win64; x64) AppleWebKit/537.36 (KHTML, like Gecko) Chrome/86.0.4240.75 Safari/537.36"
::1 - - [15/Oct/2020:07:39:43 +0000] "GET /javascripts/helpers/fetch/machines.js HTTP/1.1" 304 - "http://localhost:3001/javascripts/Machines/lockedMachines.js" "Mozilla/5.0 (Windows NT 10.0; Win64; x64) AppleWebKit/537.36 (KHTML, like Gecko) Chrome/86.0.4240.75 Safari/537.36"
::1 - - [15/Oct/2020:07:39:43 +0000] "GET /javascripts/helpers/auxiliaryFunctions.js HTTP/1.1" 304 - "http://localhost:3001/javascripts/Movebelt/movebelt.js" "Mozilla/5.0 (Windows NT 10.0; Win64; x64) AppleWebKit/537.36 (KHTML, like Gecko) Chrome/86.0.4240.75 Safari/537.36"
::1 - - [15/Oct/2020:07:39:43 +0000] "GET /javascripts//helpers/fetch/reports.js HTTP/1.1" 304 - "http://localhost:3001/javascripts//Reports/Mail/settings.js" "Mozilla/5.0 (Windows NT 10.0; Win64; x64) AppleWebKit/537.36 (KHTML, like Gecko) Chrome/86.0.4240.75 Safari/537.36"
::1 - - [15/Oct/2020:07:39:44 +0000] "POST /api/menu HTTP/1.1" 200 310 "http://localhost:3001/reports/mail" "Mozilla/5.0 (Windows NT 10.0; Win64; x64) AppleWebKit/537.36 (KHTML, like Gecko) Chrome/86.0.4240.75 Safari/537.36"
::1 - - [15/Oct/2020:07:39:44 +0000] "GET /images/favicon.ico HTTP/1.1" 200 1150 "http://localhost:3001/reports/mail" "Mozilla/5.0 (Windows NT 10.0; Win64; x64) AppleWebKit/537.36 (KHTML, like Gecko) Chrome/86.0.4240.75 Safari/537.36"
::1 - - [15/Oct/2020:07:39:44 +0000] "GET /reports/mail/users HTTP/1.1" 304 - "http://localhost:3001/reports/mail" "Mozilla/5.0 (Windows NT 10.0; Win64; x64) AppleWebKit/537.36 (KHTML, like Gecko) Chrome/86.0.4240.75 Safari/537.36"
::ffff:192.168.0.131 - - [15/Oct/2020:07:52:04 +0000] "GET /login HTTP/1.1" 200 849 "http://192.168.0.108:3001/operator" "Mozilla/5.0 (Windows NT 10.0; Win64; x64) AppleWebKit/537.36 (KHTML, like Gecko) Chrome/86.0.4240.75 Safari/537.36"
::ffff:192.168.0.131 - - [15/Oct/2020:07:52:04 +0000] "GET /stylesheets/auth.css HTTP/1.1" 200 26196 "http://192.168.0.108:3001/login" "Mozilla/5.0 (Windows NT 10.0; Win64; x64) AppleWebKit/537.36 (KHTML, like Gecko) Chrome/86.0.4240.75 Safari/537.36"
::ffff:192.168.0.131 - - [15/Oct/2020:07:52:04 +0000] "GET /javascripts/login.js HTTP/1.1" 200 1838 "http://192.168.0.108:3001/login" "Mozilla/5.0 (Windows NT 10.0; Win64; x64) AppleWebKit/537.36 (KHTML, like Gecko) Chrome/86.0.4240.75 Safari/537.36"
::ffff:192.168.0.131 - - [15/Oct/2020:07:52:04 +0000] "GET /images/logo.png HTTP/1.1" 200 54541 "http://192.168.0.108:3001/login" "Mozilla/5.0 (Windows NT 10.0; Win64; x64) AppleWebKit/537.36 (KHTML, like Gecko) Chrome/86.0.4240.75 Safari/537.36"
::ffff:192.168.0.131 - - [15/Oct/2020:07:52:04 +0000] "GET /javascripts/helpers/messages.js HTTP/1.1" 200 747 "http://192.168.0.108:3001/javascripts/login.js" "Mozilla/5.0 (Windows NT 10.0; Win64; x64) AppleWebKit/537.36 (KHTML, like Gecko) Chrome/86.0.4240.75 Safari/537.36"
::ffff:192.168.0.131 - - [15/Oct/2020:07:52:04 +0000] "GET /images/favicon.ico HTTP/1.1" 200 1150 "http://192.168.0.108:3001/login" "Mozilla/5.0 (Windows NT 10.0; Win64; x64) AppleWebKit/537.36 (KHTML, like Gecko) Chrome/86.0.4240.75 Safari/537.36"
::1 - - [15/Oct/2020:08:23:46 +0000] "GET /monitoring HTTP/1.1" 304 - "http://localhost:3001/reports/mail" "Mozilla/5.0 (Windows NT 10.0; Win64; x64) AppleWebKit/537.36 (KHTML, like Gecko) Chrome/86.0.4240.75 Safari/537.36"
::1 - - [15/Oct/2020:08:23:46 +0000] "GET /stylesheets/monitoring.css HTTP/1.1" 304 - "http://localhost:3001/monitoring" "Mozilla/5.0 (Windows NT 10.0; Win64; x64) AppleWebKit/537.36 (KHTML, like Gecko) Chrome/86.0.4240.75 Safari/537.36"
::1 - - [15/Oct/2020:08:23:46 +0000] "GET /javascripts/Menu/menu.js HTTP/1.1" 304 - "http://localhost:3001/monitoring" "Mozilla/5.0 (Windows NT 10.0; Win64; x64) AppleWebKit/537.36 (KHTML, like Gecko) Chrome/86.0.4240.75 Safari/537.36"
::1 - - [15/Oct/2020:08:23:46 +0000] "GET /javascripts/Monitoring/monitoring.js HTTP/1.1" 304 - "http://localhost:3001/monitoring" "Mozilla/5.0 (Windows NT 10.0; Win64; x64) AppleWebKit/537.36 (KHTML, like Gecko) Chrome/86.0.4240.75 Safari/537.36"
::1 - - [15/Oct/2020:08:23:46 +0000] "GET /javascripts/datalabel_plugin.js HTTP/1.1" 304 - "http://localhost:3001/monitoring" "Mozilla/5.0 (Windows NT 10.0; Win64; x64) AppleWebKit/537.36 (KHTML, like Gecko) Chrome/86.0.4240.75 Safari/537.36"
::1 - - [15/Oct/2020:08:23:46 +0000] "GET /images/logo.png HTTP/1.1" 304 - "http://localhost:3001/monitoring" "Mozilla/5.0 (Windows NT 10.0; Win64; x64) AppleWebKit/537.36 (KHTML, like Gecko) Chrome/86.0.4240.75 Safari/537.36"
::1 - - [15/Oct/2020:08:23:46 +0000] "GET /images/logout.png HTTP/1.1" 304 - "http://localhost:3001/monitoring" "Mozilla/5.0 (Windows NT 10.0; Win64; x64) AppleWebKit/537.36 (KHTML, like Gecko) Chrome/86.0.4240.75 Safari/537.36"
::1 - - [15/Oct/2020:08:23:47 +0000] "GET /javascripts/helpers/fetch/appSettings.js HTTP/1.1" 304 - "http://localhost:3001/javascripts/Menu/menu.js" "Mozilla/5.0 (Windows NT 10.0; Win64; x64) AppleWebKit/537.36 (KHTML, like Gecko) Chrome/86.0.4240.75 Safari/537.36"
::1 - - [15/Oct/2020:08:23:47 +0000] "GET /javascripts/Users/users.js HTTP/1.1" 304 - "http://localhost:3001/javascripts/Menu/menu.js" "Mozilla/5.0 (Windows NT 10.0; Win64; x64) AppleWebKit/537.36 (KHTML, like Gecko) Chrome/86.0.4240.75 Safari/537.36"
::1 - - [15/Oct/2020:08:23:47 +0000] "GET /javascripts/Machines/lockedMachines.js HTTP/1.1" 304 - "http://localhost:3001/javascripts/Menu/menu.js" "Mozilla/5.0 (Windows NT 10.0; Win64; x64) AppleWebKit/537.36 (KHTML, like Gecko) Chrome/86.0.4240.75 Safari/537.36"
::1 - - [15/Oct/2020:08:23:47 +0000] "GET /javascripts/Movebelt/movebelt.js HTTP/1.1" 304 - "http://localhost:3001/javascripts/Menu/menu.js" "Mozilla/5.0 (Windows NT 10.0; Win64; x64) AppleWebKit/537.36 (KHTML, like Gecko) Chrome/86.0.4240.75 Safari/537.36"
::1 - - [15/Oct/2020:08:23:47 +0000] "GET /javascripts/helpers/fetch/machines.js HTTP/1.1" 304 - "http://localhost:3001/javascripts/Monitoring/monitoring.js" "Mozilla/5.0 (Windows NT 10.0; Win64; x64) AppleWebKit/537.36 (KHTML, like Gecko) Chrome/86.0.4240.75 Safari/537.36"
::1 - - [15/Oct/2020:08:23:47 +0000] "GET /javascripts/Panel/panel.js HTTP/1.1" 304 - "http://localhost:3001/javascripts/Monitoring/monitoring.js" "Mozilla/5.0 (Windows NT 10.0; Win64; x64) AppleWebKit/537.36 (KHTML, like Gecko) Chrome/86.0.4240.75 Safari/537.36"
::1 - - [15/Oct/2020:08:23:47 +0000] "GET /javascripts/helpers/messages.js HTTP/1.1" 304 - "http://localhost:3001/javascripts/Menu/menu.js" "Mozilla/5.0 (Windows NT 10.0; Win64; x64) AppleWebKit/537.36 (KHTML, like Gecko) Chrome/86.0.4240.75 Safari/537.36"
::1 - - [15/Oct/2020:08:23:47 +0000] "GET /javascripts/Settings/settings.js HTTP/1.1" 304 - "http://localhost:3001/javascripts/Menu/menu.js" "Mozilla/5.0 (Windows NT 10.0; Win64; x64) AppleWebKit/537.36 (KHTML, like Gecko) Chrome/86.0.4240.75 Safari/537.36"
::1 - - [15/Oct/2020:08:23:47 +0000] "GET /javascripts/helpers/fetch/user.js HTTP/1.1" 304 - "http://localhost:3001/javascripts/Users/users.js" "Mozilla/5.0 (Windows NT 10.0; Win64; x64) AppleWebKit/537.36 (KHTML, like Gecko) Chrome/86.0.4240.75 Safari/537.36"
::1 - - [15/Oct/2020:08:23:47 +0000] "GET /javascripts/helpers/auxiliaryFunctions.js HTTP/1.1" 304 - "http://localhost:3001/javascripts/Movebelt/movebelt.js" "Mozilla/5.0 (Windows NT 10.0; Win64; x64) AppleWebKit/537.36 (KHTML, like Gecko) Chrome/86.0.4240.75 Safari/537.36"
::1 - - [15/Oct/2020:08:23:47 +0000] "GET /javascripts/Chart/dygraph.js HTTP/1.1" 304 - "http://localhost:3001/javascripts/Panel/panel.js" "Mozilla/5.0 (Windows NT 10.0; Win64; x64) AppleWebKit/537.36 (KHTML, like Gecko) Chrome/86.0.4240.75 Safari/537.36"
::1 - - [15/Oct/2020:08:23:47 +0000] "GET /javascripts/Chart/chartJS.js HTTP/1.1" 304 - "http://localhost:3001/javascripts/Panel/panel.js" "Mozilla/5.0 (Windows NT 10.0; Win64; x64) AppleWebKit/537.36 (KHTML, like Gecko) Chrome/86.0.4240.75 Safari/537.36"
::1 - - [15/Oct/2020:08:23:47 +0000] "POST /api/menu HTTP/1.1" 200 310 "http://localhost:3001/monitoring" "Mozilla/5.0 (Windows NT 10.0; Win64; x64) AppleWebKit/537.36 (KHTML, like Gecko) Chrome/86.0.4240.75 Safari/537.36"
::1 - - [15/Oct/2020:08:23:47 +0000] "GET /javascripts/Table/table.js HTTP/1.1" 304 - "http://localhost:3001/javascripts/Panel/panel.js" "Mozilla/5.0 (Windows NT 10.0; Win64; x64) AppleWebKit/537.36 (KHTML, like Gecko) Chrome/86.0.4240.75 Safari/537.36"
::1 - - [15/Oct/2020:08:23:47 +0000] "POST /data/get/machines HTTP/1.1" 500 248 "http://localhost:3001/monitoring" "Mozilla/5.0 (Windows NT 10.0; Win64; x64) AppleWebKit/537.36 (KHTML, like Gecko) Chrome/86.0.4240.75 Safari/537.36"
::ffff:127.0.0.1 - - [15/Oct/2020:08:24:18 +0000] "GET /monitoring HTTP/1.1" 304 - "http://localhost:3001/reports/mail" "Mozilla/5.0 (Windows NT 10.0; Win64; x64) AppleWebKit/537.36 (KHTML, like Gecko) Chrome/86.0.4240.75 Safari/537.36"
::ffff:127.0.0.1 - - [15/Oct/2020:08:24:18 +0000] "GET /stylesheets/monitoring.css HTTP/1.1" 304 - "http://localhost:3001/monitoring" "Mozilla/5.0 (Windows NT 10.0; Win64; x64) AppleWebKit/537.36 (KHTML, like Gecko) Chrome/86.0.4240.75 Safari/537.36"
::1 - - [15/Oct/2020:08:24:18 +0000] "GET /javascripts/Menu/menu.js HTTP/1.1" 304 - "http://localhost:3001/monitoring" "Mozilla/5.0 (Windows NT 10.0; Win64; x64) AppleWebKit/537.36 (KHTML, like Gecko) Chrome/86.0.4240.75 Safari/537.36"
::1 - - [15/Oct/2020:08:24:18 +0000] "GET /javascripts/Monitoring/monitoring.js HTTP/1.1" 304 - "http://localhost:3001/monitoring" "Mozilla/5.0 (Windows NT 10.0; Win64; x64) AppleWebKit/537.36 (KHTML, like Gecko) Chrome/86.0.4240.75 Safari/537.36"
::1 - - [15/Oct/2020:08:24:18 +0000] "GET /javascripts/datalabel_plugin.js HTTP/1.1" 304 - "http://localhost:3001/monitoring" "Mozilla/5.0 (Windows NT 10.0; Win64; x64) AppleWebKit/537.36 (KHTML, like Gecko) Chrome/86.0.4240.75 Safari/537.36"
::ffff:127.0.0.1 - - [15/Oct/2020:08:24:18 +0000] "GET /images/logo.png HTTP/1.1" 304 - "http://localhost:3001/monitoring" "Mozilla/5.0 (Windows NT 10.0; Win64; x64) AppleWebKit/537.36 (KHTML, like Gecko) Chrome/86.0.4240.75 Safari/537.36"
::1 - - [15/Oct/2020:08:24:18 +0000] "GET /images/logout.png HTTP/1.1" 304 - "http://localhost:3001/monitoring" "Mozilla/5.0 (Windows NT 10.0; Win64; x64) AppleWebKit/537.36 (KHTML, like Gecko) Chrome/86.0.4240.75 Safari/537.36"
::1 - - [15/Oct/2020:08:24:18 +0000] "GET /javascripts/helpers/fetch/appSettings.js HTTP/1.1" 304 - "http://localhost:3001/javascripts/Menu/menu.js" "Mozilla/5.0 (Windows NT 10.0; Win64; x64) AppleWebKit/537.36 (KHTML, like Gecko) Chrome/86.0.4240.75 Safari/537.36"
::ffff:127.0.0.1 - - [15/Oct/2020:08:24:18 +0000] "GET /javascripts/Users/users.js HTTP/1.1" 304 - "http://localhost:3001/javascripts/Menu/menu.js" "Mozilla/5.0 (Windows NT 10.0; Win64; x64) AppleWebKit/537.36 (KHTML, like Gecko) Chrome/86.0.4240.75 Safari/537.36"
::1 - - [15/Oct/2020:08:24:18 +0000] "GET /javascripts/Machines/lockedMachines.js HTTP/1.1" 304 - "http://localhost:3001/javascripts/Menu/menu.js" "Mozilla/5.0 (Windows NT 10.0; Win64; x64) AppleWebKit/537.36 (KHTML, like Gecko) Chrome/86.0.4240.75 Safari/537.36"
::ffff:127.0.0.1 - - [15/Oct/2020:08:24:18 +0000] "GET /javascripts/Movebelt/movebelt.js HTTP/1.1" 304 - "http://localhost:3001/javascripts/Menu/menu.js" "Mozilla/5.0 (Windows NT 10.0; Win64; x64) AppleWebKit/537.36 (KHTML, like Gecko) Chrome/86.0.4240.75 Safari/537.36"
::1 - - [15/Oct/2020:08:24:18 +0000] "GET /javascripts/Settings/settings.js HTTP/1.1" 304 - "http://localhost:3001/javascripts/Menu/menu.js" "Mozilla/5.0 (Windows NT 10.0; Win64; x64) AppleWebKit/537.36 (KHTML, like Gecko) Chrome/86.0.4240.75 Safari/537.36"
::1 - - [15/Oct/2020:08:24:18 +0000] "GET /javascripts/Panel/panel.js HTTP/1.1" 304 - "http://localhost:3001/javascripts/Monitoring/monitoring.js" "Mozilla/5.0 (Windows NT 10.0; Win64; x64) AppleWebKit/537.36 (KHTML, like Gecko) Chrome/86.0.4240.75 Safari/537.36"
::ffff:127.0.0.1 - - [15/Oct/2020:08:24:19 +0000] "GET /javascripts/helpers/fetch/user.js HTTP/1.1" 304 - "http://localhost:3001/javascripts/Users/users.js" "Mozilla/5.0 (Windows NT 10.0; Win64; x64) AppleWebKit/537.36 (KHTML, like Gecko) Chrome/86.0.4240.75 Safari/537.36"
::1 - - [15/Oct/2020:08:24:19 +0000] "GET /javascripts/helpers/messages.js HTTP/1.1" 304 - "http://localhost:3001/javascripts/Menu/menu.js" "Mozilla/5.0 (Windows NT 10.0; Win64; x64) AppleWebKit/537.36 (KHTML, like Gecko) Chrome/86.0.4240.75 Safari/537.36"
::1 - - [15/Oct/2020:08:24:19 +0000] "GET /javascripts/helpers/fetch/machines.js HTTP/1.1" 304 - "http://localhost:3001/javascripts/Monitoring/monitoring.js" "Mozilla/5.0 (Windows NT 10.0; Win64; x64) AppleWebKit/537.36 (KHTML, like Gecko) Chrome/86.0.4240.75 Safari/537.36"
::1 - - [15/Oct/2020:08:24:19 +0000] "GET /javascripts/helpers/auxiliaryFunctions.js HTTP/1.1" 304 - "http://localhost:3001/javascripts/Movebelt/movebelt.js" "Mozilla/5.0 (Windows NT 10.0; Win64; x64) AppleWebKit/537.36 (KHTML, like Gecko) Chrome/86.0.4240.75 Safari/537.36"
::ffff:127.0.0.1 - - [15/Oct/2020:08:24:19 +0000] "GET /javascripts/Chart/dygraph.js HTTP/1.1" 304 - "http://localhost:3001/javascripts/Panel/panel.js" "Mozilla/5.0 (Windows NT 10.0; Win64; x64) AppleWebKit/537.36 (KHTML, like Gecko) Chrome/86.0.4240.75 Safari/537.36"
::1 - - [15/Oct/2020:08:24:19 +0000] "GET /javascripts/Chart/chartJS.js HTTP/1.1" 304 - "http://localhost:3001/javascripts/Panel/panel.js" "Mozilla/5.0 (Windows NT 10.0; Win64; x64) AppleWebKit/537.36 (KHTML, like Gecko) Chrome/86.0.4240.75 Safari/537.36"
::1 - - [15/Oct/2020:08:24:19 +0000] "GET /javascripts/Table/table.js HTTP/1.1" 304 - "http://localhost:3001/javascripts/Panel/panel.js" "Mozilla/5.0 (Windows NT 10.0; Win64; x64) AppleWebKit/537.36 (KHTML, like Gecko) Chrome/86.0.4240.75 Safari/537.36"
::1 - - [15/Oct/2020:08:24:19 +0000] "POST /api/menu HTTP/1.1" 200 310 "http://localhost:3001/monitoring" "Mozilla/5.0 (Windows NT 10.0; Win64; x64) AppleWebKit/537.36 (KHTML, like Gecko) Chrome/86.0.4240.75 Safari/537.36"
::1 - - [15/Oct/2020:08:24:19 +0000] "GET /images/favicon.ico HTTP/1.1" 200 1150 "http://localhost:3001/monitoring" "Mozilla/5.0 (Windows NT 10.0; Win64; x64) AppleWebKit/537.36 (KHTML, like Gecko) Chrome/86.0.4240.75 Safari/537.36"
::1 - - [15/Oct/2020:08:24:19 +0000] "POST /data/get/machines HTTP/1.1" 200 883 "http://localhost:3001/monitoring" "Mozilla/5.0 (Windows NT 10.0; Win64; x64) AppleWebKit/537.36 (KHTML, like Gecko) Chrome/86.0.4240.75 Safari/537.36"
::1 - - [15/Oct/2020:08:24:19 +0000] "GET /images/machines/WEV.png HTTP/1.1" 304 - "http://localhost:3001/monitoring" "Mozilla/5.0 (Windows NT 10.0; Win64; x64) AppleWebKit/537.36 (KHTML, like Gecko) Chrome/86.0.4240.75 Safari/537.36"
::1 - - [15/Oct/2020:08:24:19 +0000] "GET /images/machines/WES.png HTTP/1.1" 304 - "http://localhost:3001/monitoring" "Mozilla/5.0 (Windows NT 10.0; Win64; x64) AppleWebKit/537.36 (KHTML, like Gecko) Chrome/86.0.4240.75 Safari/537.36"
::ffff:127.0.0.1 - - [15/Oct/2020:08:24:19 +0000] "GET /images/machines/WBA.png HTTP/1.1" 304 - "http://localhost:3001/monitoring" "Mozilla/5.0 (Windows NT 10.0; Win64; x64) AppleWebKit/537.36 (KHTML, like Gecko) Chrome/86.0.4240.75 Safari/537.36"
::1 - - [15/Oct/2020:08:24:19 +0000] "GET /images/machines/WPD.png HTTP/1.1" 304 - "http://localhost:3001/monitoring" "Mozilla/5.0 (Windows NT 10.0; Win64; x64) AppleWebKit/537.36 (KHTML, like Gecko) Chrome/86.0.4240.75 Safari/537.36"
::1 - - [15/Oct/2020:08:24:19 +0000] "GET /images/machines/WP.png HTTP/1.1" 304 - "http://localhost:3001/monitoring" "Mozilla/5.0 (Windows NT 10.0; Win64; x64) AppleWebKit/537.36 (KHTML, like Gecko) Chrome/86.0.4240.75 Safari/537.36"
::1 - - [15/Oct/2020:08:24:19 +0000] "GET /images/machines/DM.png HTTP/1.1" 304 - "http://localhost:3001/monitoring" "Mozilla/5.0 (Windows NT 10.0; Win64; x64) AppleWebKit/537.36 (KHTML, like Gecko) Chrome/86.0.4240.75 Safari/537.36"
::1 - - [15/Oct/2020:10:40:15 +0000] "GET /monitoring HTTP/1.1" 302 56 "http://localhost:3001/reports/mail" "Mozilla/5.0 (Windows NT 10.0; Win64; x64) AppleWebKit/537.36 (KHTML, like Gecko) Chrome/86.0.4240.75 Safari/537.36"
::1 - - [15/Oct/2020:10:40:17 +0000] "GET /login HTTP/1.1" 200 849 "http://localhost:3001/reports/mail" "Mozilla/5.0 (Windows NT 10.0; Win64; x64) AppleWebKit/537.36 (KHTML, like Gecko) Chrome/86.0.4240.75 Safari/537.36"
::1 - - [15/Oct/2020:10:40:17 +0000] "GET /images/logo.png HTTP/1.1" 304 - "http://localhost:3001/login" "Mozilla/5.0 (Windows NT 10.0; Win64; x64) AppleWebKit/537.36 (KHTML, like Gecko) Chrome/86.0.4240.75 Safari/537.36"
::1 - - [15/Oct/2020:10:40:17 +0000] "GET /stylesheets/auth.css HTTP/1.1" 200 26196 "http://localhost:3001/login" "Mozilla/5.0 (Windows NT 10.0; Win64; x64) AppleWebKit/537.36 (KHTML, like Gecko) Chrome/86.0.4240.75 Safari/537.36"
::1 - - [15/Oct/2020:10:40:17 +0000] "GET /javascripts/login.js HTTP/1.1" 200 1838 "http://localhost:3001/login" "Mozilla/5.0 (Windows NT 10.0; Win64; x64) AppleWebKit/537.36 (KHTML, like Gecko) Chrome/86.0.4240.75 Safari/537.36"
::1 - - [15/Oct/2020:10:40:17 +0000] "GET /javascripts/helpers/messages.js HTTP/1.1" 304 - "http://localhost:3001/javascripts/login.js" "Mozilla/5.0 (Windows NT 10.0; Win64; x64) AppleWebKit/537.36 (KHTML, like Gecko) Chrome/86.0.4240.75 Safari/537.36"
::1 - - [15/Oct/2020:10:40:17 +0000] "GET /images/favicon.ico HTTP/1.1" 200 1150 "http://localhost:3001/login" "Mozilla/5.0 (Windows NT 10.0; Win64; x64) AppleWebKit/537.36 (KHTML, like Gecko) Chrome/86.0.4240.75 Safari/537.36"
::1 - - [15/Oct/2020:10:40:20 +0000] "POST /login HTTP/1.1" 200 220 "http://localhost:3001/login" "Mozilla/5.0 (Windows NT 10.0; Win64; x64) AppleWebKit/537.36 (KHTML, like Gecko) Chrome/86.0.4240.75 Safari/537.36"
::1 - - [15/Oct/2020:10:40:20 +0000] "GET /dashboard HTTP/1.1" 200 1960 "http://localhost:3001/login" "Mozilla/5.0 (Windows NT 10.0; Win64; x64) AppleWebKit/537.36 (KHTML, like Gecko) Chrome/86.0.4240.75 Safari/537.36"
::1 - - [15/Oct/2020:10:40:20 +0000] "GET /stylesheets/dashboard.css HTTP/1.1" 200 24125 "http://localhost:3001/dashboard" "Mozilla/5.0 (Windows NT 10.0; Win64; x64) AppleWebKit/537.36 (KHTML, like Gecko) Chrome/86.0.4240.75 Safari/537.36"
::1 - - [15/Oct/2020:10:40:20 +0000] "GET /javascripts/Menu/menu.js HTTP/1.1" 304 - "http://localhost:3001/dashboard" "Mozilla/5.0 (Windows NT 10.0; Win64; x64) AppleWebKit/537.36 (KHTML, like Gecko) Chrome/86.0.4240.75 Safari/537.36"
::1 - - [15/Oct/2020:10:40:20 +0000] "GET /javascripts/Dashboard/dashboard.js HTTP/1.1" 200 6091 "http://localhost:3001/dashboard" "Mozilla/5.0 (Windows NT 10.0; Win64; x64) AppleWebKit/537.36 (KHTML, like Gecko) Chrome/86.0.4240.75 Safari/537.36"
::1 - - [15/Oct/2020:10:40:20 +0000] "GET /javascripts/datalabel_plugin.js HTTP/1.1" 304 - "http://localhost:3001/dashboard" "Mozilla/5.0 (Windows NT 10.0; Win64; x64) AppleWebKit/537.36 (KHTML, like Gecko) Chrome/86.0.4240.75 Safari/537.36"
::1 - - [15/Oct/2020:10:40:20 +0000] "GET /images/logo.png HTTP/1.1" 304 - "http://localhost:3001/dashboard" "Mozilla/5.0 (Windows NT 10.0; Win64; x64) AppleWebKit/537.36 (KHTML, like Gecko) Chrome/86.0.4240.75 Safari/537.36"
::1 - - [15/Oct/2020:10:40:20 +0000] "GET /images/logout.png HTTP/1.1" 304 - "http://localhost:3001/dashboard" "Mozilla/5.0 (Windows NT 10.0; Win64; x64) AppleWebKit/537.36 (KHTML, like Gecko) Chrome/86.0.4240.75 Safari/537.36"
::1 - - [15/Oct/2020:10:40:21 +0000] "GET /javascripts/helpers/fetch/appSettings.js HTTP/1.1" 304 - "http://localhost:3001/javascripts/Menu/menu.js" "Mozilla/5.0 (Windows NT 10.0; Win64; x64) AppleWebKit/537.36 (KHTML, like Gecko) Chrome/86.0.4240.75 Safari/537.36"
::1 - - [15/Oct/2020:10:40:21 +0000] "GET /javascripts/Users/users.js HTTP/1.1" 304 - "http://localhost:3001/javascripts/Menu/menu.js" "Mozilla/5.0 (Windows NT 10.0; Win64; x64) AppleWebKit/537.36 (KHTML, like Gecko) Chrome/86.0.4240.75 Safari/537.36"
::1 - - [15/Oct/2020:10:40:21 +0000] "GET /javascripts/Machines/lockedMachines.js HTTP/1.1" 304 - "http://localhost:3001/javascripts/Menu/menu.js" "Mozilla/5.0 (Windows NT 10.0; Win64; x64) AppleWebKit/537.36 (KHTML, like Gecko) Chrome/86.0.4240.75 Safari/537.36"
::1 - - [15/Oct/2020:10:40:21 +0000] "GET /javascripts/Movebelt/movebelt.js HTTP/1.1" 304 - "http://localhost:3001/javascripts/Menu/menu.js" "Mozilla/5.0 (Windows NT 10.0; Win64; x64) AppleWebKit/537.36 (KHTML, like Gecko) Chrome/86.0.4240.75 Safari/537.36"
::1 - - [15/Oct/2020:10:40:21 +0000] "GET /javascripts/Settings/settings.js HTTP/1.1" 304 - "http://localhost:3001/javascripts/Menu/menu.js" "Mozilla/5.0 (Windows NT 10.0; Win64; x64) AppleWebKit/537.36 (KHTML, like Gecko) Chrome/86.0.4240.75 Safari/537.36"
::1 - - [15/Oct/2020:10:40:21 +0000] "GET /javascripts/helpers/messages.js HTTP/1.1" 304 - "http://localhost:3001/javascripts/Menu/menu.js" "Mozilla/5.0 (Windows NT 10.0; Win64; x64) AppleWebKit/537.36 (KHTML, like Gecko) Chrome/86.0.4240.75 Safari/537.36"
::1 - - [15/Oct/2020:10:40:21 +0000] "GET /javascripts/helpers/fetch/machines.js HTTP/1.1" 304 - "http://localhost:3001/javascripts/Dashboard/dashboard.js" "Mozilla/5.0 (Windows NT 10.0; Win64; x64) AppleWebKit/537.36 (KHTML, like Gecko) Chrome/86.0.4240.75 Safari/537.36"
::1 - - [15/Oct/2020:10:40:21 +0000] "GET /javascripts/Table/table.js HTTP/1.1" 304 - "http://localhost:3001/javascripts/Dashboard/dashboard.js" "Mozilla/5.0 (Windows NT 10.0; Win64; x64) AppleWebKit/537.36 (KHTML, like Gecko) Chrome/86.0.4240.75 Safari/537.36"
::1 - - [15/Oct/2020:10:40:21 +0000] "GET /javascripts/Chart/chartJS.js HTTP/1.1" 304 - "http://localhost:3001/javascripts/Dashboard/dashboard.js" "Mozilla/5.0 (Windows NT 10.0; Win64; x64) AppleWebKit/537.36 (KHTML, like Gecko) Chrome/86.0.4240.75 Safari/537.36"
::1 - - [15/Oct/2020:10:40:21 +0000] "GET /javascripts/helpers/auxiliaryFunctions.js HTTP/1.1" 304 - "http://localhost:3001/javascripts/Movebelt/movebelt.js" "Mozilla/5.0 (Windows NT 10.0; Win64; x64) AppleWebKit/537.36 (KHTML, like Gecko) Chrome/86.0.4240.75 Safari/537.36"
::1 - - [15/Oct/2020:10:40:21 +0000] "GET /javascripts/helpers/fetch/user.js HTTP/1.1" 304 - "http://localhost:3001/javascripts/Users/users.js" "Mozilla/5.0 (Windows NT 10.0; Win64; x64) AppleWebKit/537.36 (KHTML, like Gecko) Chrome/86.0.4240.75 Safari/537.36"
::1 - - [15/Oct/2020:10:40:21 +0000] "POST /api/menu HTTP/1.1" 200 310 "http://localhost:3001/dashboard" "Mozilla/5.0 (Windows NT 10.0; Win64; x64) AppleWebKit/537.36 (KHTML, like Gecko) Chrome/86.0.4240.75 Safari/537.36"
::1 - - [15/Oct/2020:10:40:21 +0000] "POST /dashboard/get/table/whatMachinesDoingNow HTTP/1.1" 200 1071 "http://localhost:3001/dashboard" "Mozilla/5.0 (Windows NT 10.0; Win64; x64) AppleWebKit/537.36 (KHTML, like Gecko) Chrome/86.0.4240.75 Safari/537.36"
::1 - - [15/Oct/2020:10:40:21 +0000] "POST /dashboard/get/graph/whatMachinesDoingNow HTTP/1.1" 200 445 "http://localhost:3001/dashboard" "Mozilla/5.0 (Windows NT 10.0; Win64; x64) AppleWebKit/537.36 (KHTML, like Gecko) Chrome/86.0.4240.75 Safari/537.36"
::1 - - [15/Oct/2020:10:40:22 +0000] "POST /dashboard/get/table/summaryMachinesWork HTTP/1.1" 200 49640 "http://localhost:3001/dashboard" "Mozilla/5.0 (Windows NT 10.0; Win64; x64) AppleWebKit/537.36 (KHTML, like Gecko) Chrome/86.0.4240.75 Safari/537.36"
::1 - - [15/Oct/2020:10:40:24 +0000] "GET /monitoring HTTP/1.1" 200 1615 "http://localhost:3001/dashboard" "Mozilla/5.0 (Windows NT 10.0; Win64; x64) AppleWebKit/537.36 (KHTML, like Gecko) Chrome/86.0.4240.75 Safari/537.36"
::1 - - [15/Oct/2020:10:40:24 +0000] "GET /stylesheets/monitoring.css HTTP/1.1" 304 - "http://localhost:3001/monitoring" "Mozilla/5.0 (Windows NT 10.0; Win64; x64) AppleWebKit/537.36 (KHTML, like Gecko) Chrome/86.0.4240.75 Safari/537.36"
::1 - - [15/Oct/2020:10:40:24 +0000] "GET /javascripts/Menu/menu.js HTTP/1.1" 304 - "http://localhost:3001/monitoring" "Mozilla/5.0 (Windows NT 10.0; Win64; x64) AppleWebKit/537.36 (KHTML, like Gecko) Chrome/86.0.4240.75 Safari/537.36"
::1 - - [15/Oct/2020:10:40:24 +0000] "GET /javascripts/Monitoring/monitoring.js HTTP/1.1" 304 - "http://localhost:3001/monitoring" "Mozilla/5.0 (Windows NT 10.0; Win64; x64) AppleWebKit/537.36 (KHTML, like Gecko) Chrome/86.0.4240.75 Safari/537.36"
::1 - - [15/Oct/2020:10:40:24 +0000] "GET /javascripts/datalabel_plugin.js HTTP/1.1" 304 - "http://localhost:3001/monitoring" "Mozilla/5.0 (Windows NT 10.0; Win64; x64) AppleWebKit/537.36 (KHTML, like Gecko) Chrome/86.0.4240.75 Safari/537.36"
::1 - - [15/Oct/2020:10:40:24 +0000] "GET /images/logout.png HTTP/1.1" 304 - "http://localhost:3001/monitoring" "Mozilla/5.0 (Windows NT 10.0; Win64; x64) AppleWebKit/537.36 (KHTML, like Gecko) Chrome/86.0.4240.75 Safari/537.36"
::1 - - [15/Oct/2020:10:40:24 +0000] "GET /images/logo.png HTTP/1.1" 304 - "http://localhost:3001/monitoring" "Mozilla/5.0 (Windows NT 10.0; Win64; x64) AppleWebKit/537.36 (KHTML, like Gecko) Chrome/86.0.4240.75 Safari/537.36"
::1 - - [15/Oct/2020:10:40:24 +0000] "GET /javascripts/helpers/fetch/appSettings.js HTTP/1.1" 304 - "http://localhost:3001/javascripts/Menu/menu.js" "Mozilla/5.0 (Windows NT 10.0; Win64; x64) AppleWebKit/537.36 (KHTML, like Gecko) Chrome/86.0.4240.75 Safari/537.36"
::1 - - [15/Oct/2020:10:40:24 +0000] "GET /javascripts/Users/users.js HTTP/1.1" 304 - "http://localhost:3001/javascripts/Menu/menu.js" "Mozilla/5.0 (Windows NT 10.0; Win64; x64) AppleWebKit/537.36 (KHTML, like Gecko) Chrome/86.0.4240.75 Safari/537.36"
::1 - - [15/Oct/2020:10:40:24 +0000] "GET /javascripts/Machines/lockedMachines.js HTTP/1.1" 304 - "http://localhost:3001/javascripts/Menu/menu.js" "Mozilla/5.0 (Windows NT 10.0; Win64; x64) AppleWebKit/537.36 (KHTML, like Gecko) Chrome/86.0.4240.75 Safari/537.36"
::1 - - [15/Oct/2020:10:40:24 +0000] "GET /javascripts/Movebelt/movebelt.js HTTP/1.1" 304 - "http://localhost:3001/javascripts/Menu/menu.js" "Mozilla/5.0 (Windows NT 10.0; Win64; x64) AppleWebKit/537.36 (KHTML, like Gecko) Chrome/86.0.4240.75 Safari/537.36"
::1 - - [15/Oct/2020:10:40:24 +0000] "GET /javascripts/Settings/settings.js HTTP/1.1" 304 - "http://localhost:3001/javascripts/Menu/menu.js" "Mozilla/5.0 (Windows NT 10.0; Win64; x64) AppleWebKit/537.36 (KHTML, like Gecko) Chrome/86.0.4240.75 Safari/537.36"
::1 - - [15/Oct/2020:10:40:24 +0000] "GET /javascripts/helpers/messages.js HTTP/1.1" 304 - "http://localhost:3001/javascripts/Menu/menu.js" "Mozilla/5.0 (Windows NT 10.0; Win64; x64) AppleWebKit/537.36 (KHTML, like Gecko) Chrome/86.0.4240.75 Safari/537.36"
::1 - - [15/Oct/2020:10:40:24 +0000] "GET /javascripts/helpers/fetch/machines.js HTTP/1.1" 304 - "http://localhost:3001/javascripts/Monitoring/monitoring.js" "Mozilla/5.0 (Windows NT 10.0; Win64; x64) AppleWebKit/537.36 (KHTML, like Gecko) Chrome/86.0.4240.75 Safari/537.36"
::1 - - [15/Oct/2020:10:40:24 +0000] "GET /javascripts/helpers/fetch/user.js HTTP/1.1" 304 - "http://localhost:3001/javascripts/Users/users.js" "Mozilla/5.0 (Windows NT 10.0; Win64; x64) AppleWebKit/537.36 (KHTML, like Gecko) Chrome/86.0.4240.75 Safari/537.36"
::1 - - [15/Oct/2020:10:40:24 +0000] "GET /javascripts/helpers/auxiliaryFunctions.js HTTP/1.1" 304 - "http://localhost:3001/javascripts/Movebelt/movebelt.js" "Mozilla/5.0 (Windows NT 10.0; Win64; x64) AppleWebKit/537.36 (KHTML, like Gecko) Chrome/86.0.4240.75 Safari/537.36"
::1 - - [15/Oct/2020:10:40:24 +0000] "GET /javascripts/Panel/panel.js HTTP/1.1" 304 - "http://localhost:3001/javascripts/Monitoring/monitoring.js" "Mozilla/5.0 (Windows NT 10.0; Win64; x64) AppleWebKit/537.36 (KHTML, like Gecko) Chrome/86.0.4240.75 Safari/537.36"
::1 - - [15/Oct/2020:10:40:24 +0000] "POST /api/menu HTTP/1.1" 200 310 "http://localhost:3001/monitoring" "Mozilla/5.0 (Windows NT 10.0; Win64; x64) AppleWebKit/537.36 (KHTML, like Gecko) Chrome/86.0.4240.75 Safari/537.36"
::1 - - [15/Oct/2020:10:40:24 +0000] "GET /javascripts/Chart/dygraph.js HTTP/1.1" 304 - "http://localhost:3001/javascripts/Panel/panel.js" "Mozilla/5.0 (Windows NT 10.0; Win64; x64) AppleWebKit/537.36 (KHTML, like Gecko) Chrome/86.0.4240.75 Safari/537.36"
::1 - - [15/Oct/2020:10:40:24 +0000] "GET /javascripts/Chart/chartJS.js HTTP/1.1" 304 - "http://localhost:3001/javascripts/Panel/panel.js" "Mozilla/5.0 (Windows NT 10.0; Win64; x64) AppleWebKit/537.36 (KHTML, like Gecko) Chrome/86.0.4240.75 Safari/537.36"
::1 - - [15/Oct/2020:10:40:24 +0000] "GET /javascripts/Table/table.js HTTP/1.1" 304 - "http://localhost:3001/javascripts/Panel/panel.js" "Mozilla/5.0 (Windows NT 10.0; Win64; x64) AppleWebKit/537.36 (KHTML, like Gecko) Chrome/86.0.4240.75 Safari/537.36"
::1 - - [15/Oct/2020:10:40:25 +0000] "POST /data/get/machines HTTP/1.1" 200 883 "http://localhost:3001/monitoring" "Mozilla/5.0 (Windows NT 10.0; Win64; x64) AppleWebKit/537.36 (KHTML, like Gecko) Chrome/86.0.4240.75 Safari/537.36"
::1 - - [15/Oct/2020:10:40:25 +0000] "GET /images/machines/WEV.png HTTP/1.1" 304 - "http://localhost:3001/monitoring" "Mozilla/5.0 (Windows NT 10.0; Win64; x64) AppleWebKit/537.36 (KHTML, like Gecko) Chrome/86.0.4240.75 Safari/537.36"
::1 - - [15/Oct/2020:10:40:25 +0000] "GET /images/machines/WES.png HTTP/1.1" 304 - "http://localhost:3001/monitoring" "Mozilla/5.0 (Windows NT 10.0; Win64; x64) AppleWebKit/537.36 (KHTML, like Gecko) Chrome/86.0.4240.75 Safari/537.36"
::1 - - [15/Oct/2020:10:40:25 +0000] "GET /images/machines/WBA.png HTTP/1.1" 304 - "http://localhost:3001/monitoring" "Mozilla/5.0 (Windows NT 10.0; Win64; x64) AppleWebKit/537.36 (KHTML, like Gecko) Chrome/86.0.4240.75 Safari/537.36"
::1 - - [15/Oct/2020:10:40:25 +0000] "GET /images/machines/WPD.png HTTP/1.1" 304 - "http://localhost:3001/monitoring" "Mozilla/5.0 (Windows NT 10.0; Win64; x64) AppleWebKit/537.36 (KHTML, like Gecko) Chrome/86.0.4240.75 Safari/537.36"
::1 - - [15/Oct/2020:10:40:25 +0000] "GET /images/machines/WP.png HTTP/1.1" 304 - "http://localhost:3001/monitoring" "Mozilla/5.0 (Windows NT 10.0; Win64; x64) AppleWebKit/537.36 (KHTML, like Gecko) Chrome/86.0.4240.75 Safari/537.36"
::1 - - [15/Oct/2020:10:40:25 +0000] "GET /images/machines/DM.png HTTP/1.1" 304 - "http://localhost:3001/monitoring" "Mozilla/5.0 (Windows NT 10.0; Win64; x64) AppleWebKit/537.36 (KHTML, like Gecko) Chrome/86.0.4240.75 Safari/537.36"
::1 - - [15/Oct/2020:10:40:26 +0000] "POST /data/get/all HTTP/1.1" 200 74559 "http://localhost:3001/monitoring" "Mozilla/5.0 (Windows NT 10.0; Win64; x64) AppleWebKit/537.36 (KHTML, like Gecko) Chrome/86.0.4240.75 Safari/537.36"
::1 - - [15/Oct/2020:10:40:26 +0000] "POST /data/get/all HTTP/1.1" 200 20673 "http://localhost:3001/monitoring" "Mozilla/5.0 (Windows NT 10.0; Win64; x64) AppleWebKit/537.36 (KHTML, like Gecko) Chrome/86.0.4240.75 Safari/537.36"
::1 - - [15/Oct/2020:10:40:26 +0000] "POST /data/get/all HTTP/1.1" 200 27722 "http://localhost:3001/monitoring" "Mozilla/5.0 (Windows NT 10.0; Win64; x64) AppleWebKit/537.36 (KHTML, like Gecko) Chrome/86.0.4240.75 Safari/537.36"
::1 - - [15/Oct/2020:10:40:26 +0000] "POST /data/get/all HTTP/1.1" 200 28567 "http://localhost:3001/monitoring" "Mozilla/5.0 (Windows NT 10.0; Win64; x64) AppleWebKit/537.36 (KHTML, like Gecko) Chrome/86.0.4240.75 Safari/537.36"
::1 - - [15/Oct/2020:10:40:27 +0000] "POST /data/update/all HTTP/1.1" 200 74559 "http://localhost:3001/monitoring" "Mozilla/5.0 (Windows NT 10.0; Win64; x64) AppleWebKit/537.36 (KHTML, like Gecko) Chrome/86.0.4240.75 Safari/537.36"
::1 - - [15/Oct/2020:10:40:28 +0000] "POST /data/update/all HTTP/1.1" 200 74559 "http://localhost:3001/monitoring" "Mozilla/5.0 (Windows NT 10.0; Win64; x64) AppleWebKit/537.36 (KHTML, like Gecko) Chrome/86.0.4240.75 Safari/537.36"
::1 - - [15/Oct/2020:10:40:29 +0000] "POST /data/update/all HTTP/1.1" 200 74559 "http://localhost:3001/monitoring" "Mozilla/5.0 (Windows NT 10.0; Win64; x64) AppleWebKit/537.36 (KHTML, like Gecko) Chrome/86.0.4240.75 Safari/537.36"
::1 - - [15/Oct/2020:10:40:30 +0000] "GET /logout HTTP/1.1" 302 56 "http://localhost:3001/monitoring" "Mozilla/5.0 (Windows NT 10.0; Win64; x64) AppleWebKit/537.36 (KHTML, like Gecko) Chrome/86.0.4240.75 Safari/537.36"
::1 - - [15/Oct/2020:10:40:30 +0000] "GET /login HTTP/1.1" 200 849 "http://localhost:3001/monitoring" "Mozilla/5.0 (Windows NT 10.0; Win64; x64) AppleWebKit/537.36 (KHTML, like Gecko) Chrome/86.0.4240.75 Safari/537.36"
::1 - - [15/Oct/2020:10:40:30 +0000] "GET /stylesheets/auth.css HTTP/1.1" 304 - "http://localhost:3001/login" "Mozilla/5.0 (Windows NT 10.0; Win64; x64) AppleWebKit/537.36 (KHTML, like Gecko) Chrome/86.0.4240.75 Safari/537.36"
::1 - - [15/Oct/2020:10:40:30 +0000] "GET /images/logo.png HTTP/1.1" 304 - "http://localhost:3001/login" "Mozilla/5.0 (Windows NT 10.0; Win64; x64) AppleWebKit/537.36 (KHTML, like Gecko) Chrome/86.0.4240.75 Safari/537.36"
::1 - - [15/Oct/2020:10:40:30 +0000] "GET /javascripts/login.js HTTP/1.1" 304 - "http://localhost:3001/login" "Mozilla/5.0 (Windows NT 10.0; Win64; x64) AppleWebKit/537.36 (KHTML, like Gecko) Chrome/86.0.4240.75 Safari/537.36"
::1 - - [15/Oct/2020:10:40:30 +0000] "GET /javascripts/helpers/messages.js HTTP/1.1" 304 - "http://localhost:3001/javascripts/login.js" "Mozilla/5.0 (Windows NT 10.0; Win64; x64) AppleWebKit/537.36 (KHTML, like Gecko) Chrome/86.0.4240.75 Safari/537.36"
